\BOOKMARK [1][-]{section.1}{The Bose-Hubbard Model}{}% 1
\BOOKMARK [2][-]{subsection.1.1}{Matrix elements}{section.1}% 2
\BOOKMARK [3][-]{subsubsection.1.1.1}{Potential energy and chemical potential}{subsection.1.1}% 3
\BOOKMARK [3][-]{subsubsection.1.1.2}{Kinetic energy}{subsection.1.1}% 4
\BOOKMARK [3][-]{subsubsection.1.1.3}{Worm operator}{subsection.1.1}% 5
\BOOKMARK [1][-]{section.2}{Partition function}{}% 6
\BOOKMARK [2][-]{subsubsection.2.0.1}{Path integral representation of the partition function}{section.2}% 7
\BOOKMARK [1][-]{section.3}{Metropolis sampling}{}% 8
\BOOKMARK [2][-]{subsection.3.1}{Deriving Metropolis acceptance ratios}{section.3}% 9
\BOOKMARK [2][-]{subsection.3.2}{The Metropolis-Hastings algorithm}{section.3}% 10
\BOOKMARK [1][-]{section.4}{Lattice Worm Algorithm \(WA\) Updates}{}% 11
\BOOKMARK [2][-]{subsection.4.1}{Insert/Delete worm}{section.4}% 12
\BOOKMARK [2][-]{subsection.4.2}{Insert/Delete ground state \(gs\) worm}{section.4}% 13
\BOOKMARK [3][-]{subsubsection.4.2.1}{Insert gs-worm}{subsection.4.2}% 14
\BOOKMARK [3][-]{subsubsection.4.2.2}{Delete gs-worm}{subsection.4.2}% 15
\BOOKMARK [3][-]{subsubsection.4.2.3}{Acceptance probabilities of gs-worm insert/delete}{subsection.4.2}% 16
\BOOKMARK [2][-]{subsection.4.3}{Timeshift}{section.4}% 17
\BOOKMARK [2][-]{subsection.4.4}{Summary of weight ratios}{section.4}% 18
\BOOKMARK [2][-]{subsection.4.5}{Summary of attempt probability ratios}{section.4}% 19
\BOOKMARK [2][-]{subsection.4.6}{Summary of Metropolis conditions}{section.4}% 20
\BOOKMARK [0][-]{section*.1}{References}{}% 21
